0 info it worked if it ends with ok
1 verbose cli [ 'E:\\Program Files\\nodejs\\node.exe',
1 verbose cli   'E:\\Program Files\\nodejs\\node_modules\\npm\\bin\\npm-cli.js',
1 verbose cli   'start' ]
2 info using npm@4.1.2
3 info using node@v7.7.1
4 verbose run-script [ 'prestart', 'start', 'poststart' ]
5 info lifecycle platform-service@0.0.0~prestart: platform-service@0.0.0
6 silly lifecycle platform-service@0.0.0~prestart: no script for prestart, continuing
7 info lifecycle platform-service@0.0.0~start: platform-service@0.0.0
8 verbose lifecycle platform-service@0.0.0~start: unsafe-perm in lifecycle true
9 verbose lifecycle platform-service@0.0.0~start: PATH: E:\Program Files\nodejs\node_modules\npm\bin\node-gyp-bin;G:\Desktop\h5game-platform-service\node_modules\.bin;E:\Program Files\Git\mingw64\bin;E:\Program Files\Git\usr\bin;C:\Users\57Finn\bin;C:\Program Files (x86)\Common Files\Intel\Shared Libraries\redist\intel64\compiler;C:\ProgramData\Oracle\Java\javapath;C:\Python27;C:\Python27\Scripts;C:\WINDOWS\system32;C:\WINDOWS;C:\WINDOWS\System32\Wbem;C:\WINDOWS\System32\WindowsPowerShell\v1.0;E:\Program Files\MongoDB\Server\3.2\bin;C:\Program Files\mingw-w64\x86_64-7.1.0-posix-seh-rt_v5-rev0\mingw64\bin;C:\Program Files\OpenVPN\bin;E:\Program Files\mysql-5.7.16\bin;E:\Program Files\nodejs;E:\Program Files\PuTTY;C:\Program Files (x86)\NVIDIA Corporation\PhysX\Common;C:\Program Files (x86)\GtkSharp\2.12\bin;C:\WINDOWS\system32;C:\WINDOWS;C:\WINDOWS\System32\Wbem;C:\WINDOWS\System32\WindowsPowerShell\v1.0;E:\Program Files\Git\cmd;E:\Program Files (x86)\Yarn\bin;E:\Program Files\opencv\build\x64\vc14\bin;E:\spark\bin;E:\spark\sbin;C:\Program Files\Common Files\Autodesk Shared;C:\Program Files (x86)\Autodesk\Backburner;E:\Program Files (x86)\QuickTime\QTSystem;E:\Program Files\Anaconda;E:\Program Files\Anaconda\Scripts;E:\Program Files\Anaconda\Library\bin;C:\Users\57Finn\AppData\Local\atom\bin;C:\Users\57Finn\AppData\Local\Microsoft\WindowsApps;C:\Users\57Finn\AppData\Roaming\npm;C:\Users\57Finn\AppData\Local\Yarn\.bin;C:\Program Files\Microsoft VS Code\bin
10 verbose lifecycle platform-service@0.0.0~start: CWD: G:\Desktop\h5game-platform-service
11 silly lifecycle platform-service@0.0.0~start: Args: [ '/d /s /c', 'node ./bin/www' ]
12 silly lifecycle platform-service@0.0.0~start: Returned: code: 3221225786  signal: null
13 info lifecycle platform-service@0.0.0~start: Failed to exec start script
14 verbose stack Error: platform-service@0.0.0 start: `node ./bin/www`
14 verbose stack Exit status 3221225786
14 verbose stack     at EventEmitter.<anonymous> (E:\Program Files\nodejs\node_modules\npm\lib\utils\lifecycle.js:279:16)
14 verbose stack     at emitTwo (events.js:106:13)
14 verbose stack     at EventEmitter.emit (events.js:194:7)
14 verbose stack     at ChildProcess.<anonymous> (E:\Program Files\nodejs\node_modules\npm\lib\utils\spawn.js:40:14)
14 verbose stack     at emitTwo (events.js:106:13)
14 verbose stack     at ChildProcess.emit (events.js:194:7)
14 verbose stack     at maybeClose (internal/child_process.js:899:16)
14 verbose stack     at Process.ChildProcess._handle.onexit (internal/child_process.js:226:5)
15 verbose pkgid platform-service@0.0.0
16 verbose cwd G:\Desktop\h5game-platform-service
17 error Windows_NT 10.0.16299
18 error argv "E:\\Program Files\\nodejs\\node.exe" "E:\\Program Files\\nodejs\\node_modules\\npm\\bin\\npm-cli.js" "start"
19 error node v7.7.1
20 error npm  v4.1.2
21 error code ELIFECYCLE
22 error platform-service@0.0.0 start: `node ./bin/www`
22 error Exit status 3221225786
23 error Failed at the platform-service@0.0.0 start script 'node ./bin/www'.
23 error Make sure you have the latest version of node.js and npm installed.
23 error If you do, this is most likely a problem with the platform-service package,
23 error not with npm itself.
23 error Tell the author that this fails on your system:
23 error     node ./bin/www
23 error You can get information on how to open an issue for this project with:
23 error     npm bugs platform-service
23 error Or if that isn't available, you can get their info via:
23 error     npm owner ls platform-service
23 error There is likely additional logging output above.
24 verbose exit [ 1, true ]
